compras-app/build/outputs/logs/manifest-merger-debug-report.txt
-- Merging decision tree log ---
manifest
ADDED from compras\compras-app\AndroidManifest.xml:2:1-54:12
	xmlns:android
		ADDED from compras\compras-app\AndroidManifest.xml:2:11-69
	package
		ADDED from compras\compras-app\AndroidManifest.xml:3:5-33
	android:versionName
		ADDED from compras\compras-app\AndroidManifest.xml:5:5-30
		INJECTED from compras\compras-app\AndroidManifest.xml
		INJECTED from compras\compras-app\AndroidManifest.xml
	android:versionCode
		ADDED from compras\compras-app\AndroidManifest.xml:4:5-28
		INJECTED from compras\compras-app\AndroidManifest.xml
		INJECTED from compras\compras-app\AndroidManifest.xml
uses-sdk
ADDED from compras\compras-app\AndroidManifest.xml:7:5-9:41
MERGED from [com.android.support:appcompat-v7:24.1.1] AndroidManifest.xml:21:5-23:78
MERGED from [com.android.support:animated-vector-drawable:24.1.1] AndroidManifest.xml:20:5-44
MERGED from [com.android.support:support-vector-drawable:24.1.1] AndroidManifest.xml:21:5-43
MERGED from [com.android.support:support-v4:24.1.1] AndroidManifest.xml:21:5-23:54
MERGED from [com.android.support:support-v4:24.1.1] AndroidManifest.xml:21:5-23:54
MERGED from [com.android.support:support-vector-drawable:24.1.1] AndroidManifest.xml:21:5-43
MERGED from [com.android.support:support-v4:24.1.1] AndroidManifest.xml:21:5-23:54
	android:targetSdkVersion
		ADDED from compras\compras-app\AndroidManifest.xml:9:9-38
		INJECTED from compras\compras-app\AndroidManifest.xml
		INJECTED from compras\compras-app\AndroidManifest.xml
	android:minSdkVersion
		ADDED from compras\compras-app\AndroidManifest.xml:8:9-35
		INJECTED from compras\compras-app\AndroidManifest.xml
		INJECTED from compras\compras-app\AndroidManifest.xml
	tools:overrideLibrary
		ADDED from [com.android.support:appcompat-v7:24.1.1] AndroidManifest.xml:23:9-75
uses-permission#android.permission.READ_CONTACTS
ADDED from compras\compras-app\AndroidManifest.xml:11:5-72
	android:name
		ADDED from compras\compras-app\AndroidManifest.xml:11:22-69
uses-permission#android.permission.READ_PHONE_STATE
ADDED from compras\compras-app\AndroidManifest.xml:12:5-75
	android:name
		ADDED from compras\compras-app\AndroidManifest.xml:12:22-72
uses-permission#android.permission.INTERNET
ADDED from compras\compras-app\AndroidManifest.xml:13:5-67
	android:name
		ADDED from compras\compras-app\AndroidManifest.xml:13:22-64
uses-permission#android.permission.ACCESS_NETWORK_STATE
ADDED from compras\compras-app\AndroidManifest.xml:14:5-79
	android:name
		ADDED from compras\compras-app\AndroidManifest.xml:14:22-76
uses-permission#android.permission.ACCESS_WIFI_STATE
ADDED from compras\compras-app\AndroidManifest.xml:15:5-76
	android:name
		ADDED from compras\compras-app\AndroidManifest.xml:15:22-73
application
ADDED from compras\compras-app\AndroidManifest.xml:17:5-52:19
MERGED from [com.android.support:appcompat-v7:24.1.1] AndroidManifest.xml:25:5-20
MERGED from [com.android.support:animated-vector-drawable:24.1.1] AndroidManifest.xml:22:5-20
MERGED from [com.android.support:support-vector-drawable:24.1.1] AndroidManifest.xml:23:5-20
MERGED from [com.android.support:support-v4:24.1.1] AndroidManifest.xml:25:5-20
MERGED from [com.android.support:support-v4:24.1.1] AndroidManifest.xml:25:5-20
MERGED from [com.android.support:support-vector-drawable:24.1.1] AndroidManifest.xml:23:5-20
MERGED from [com.android.support:support-v4:24.1.1] AndroidManifest.xml:25:5-20
	android:label
		ADDED from compras\compras-app\AndroidManifest.xml:20:9-41
	android:allowBackup
		ADDED from compras\compras-app\AndroidManifest.xml:18:9-35
	android:icon
		ADDED from compras\compras-app\AndroidManifest.xml:19:9-42
	android:theme
		ADDED from compras\compras-app\AndroidManifest.xml:21:9-40
activity#br.com.compras.app.BuyGridActivity
ADDED from compras\compras-app\AndroidManifest.xml:22:9-30:20
	android:label
		ADDED from compras\compras-app\AndroidManifest.xml:24:13-45
	android:name
		ADDED from compras\compras-app\AndroidManifest.xml:23:13-44
intent-filter#android.intent.action.MAIN+android.intent.category.LAUNCHER
ADDED from compras\compras-app\AndroidManifest.xml:25:13-29:29
action#android.intent.action.MAIN
ADDED from compras\compras-app\AndroidManifest.xml:26:17-69
	android:name
		ADDED from compras\compras-app\AndroidManifest.xml:26:25-66
category#android.intent.category.LAUNCHER
ADDED from compras\compras-app\AndroidManifest.xml:28:17-77
	android:name
		ADDED from compras\compras-app\AndroidManifest.xml:28:27-74
activity#br.com.compras.app.BuyActivity
ADDED from compras\compras-app\AndroidManifest.xml:31:9-49
	android:name
		ADDED from compras\compras-app\AndroidManifest.xml:31:19-46
activity#br.com.compras.app.LoginActivity
ADDED from compras\compras-app\AndroidManifest.xml:33:9-51
	android:name
		ADDED from compras\compras-app\AndroidManifest.xml:33:19-48
activity#br.com.compras.app.ProductActivity
ADDED from compras\compras-app\AndroidManifest.xml:34:9-53
	android:name
		ADDED from compras\compras-app\AndroidManifest.xml:34:19-50
activity#br.com.compras.app.ShareActivity
ADDED from compras\compras-app\AndroidManifest.xml:37:9-51
	android:name
		ADDED from compras\compras-app\AndroidManifest.xml:37:19-48
activity#br.com.compras.app.ContactActivity
ADDED from compras\compras-app\AndroidManifest.xml:38:9-62
	android:name
		ADDED from compras\compras-app\AndroidManifest.xml:38:19-50